This is pdfTeX, Version 3.14159265-2.6-1.40.20 (TeX Live 2019) (preloaded format=pdflatex 2019.6.16)  9 JUN 2020 09:13
entering extended mode
 restricted \write18 enabled.
 file:line:error style messages enabled.
 %&-line parsing enabled.
**网络协议.md
(./网络协议.md
LaTeX2e <2018-12-01>
./网络协议.md:2: You can't use `macro parameter character #' in vertical mo
de.
l.2 #
      网络分层
? 
./网络协议.md:2: Emergency stop.
l.2 #
      网络分层
End of file on the terminal!

 
Here is how much of TeX's memory you used:
 6 strings out of 492616
 148 string characters out of 6129481
 57124 words of memory out of 5000000
 4025 multiletter control sequences out of 15000+600000
 3640 words of font info for 14 fonts, out of 8000000 for 9000
 1141 hyphenation exceptions out of 8191
 5i,0n,1p,32b,8s stack positions out of 5000i,500n,10000p,200000b,80000s
./网络协议.md:2:  ==> Fatal error occurred, no output PDF file produced!
